[debug] [2024-01-16T14:46:45.237Z] ----------------------------------------------------------------------
[debug] [2024-01-16T14:46:45.240Z] Command:       /opt/homebrew/Cellar/node/20.6.1/bin/node /opt/homebrew/bin/firebase init hosting
[debug] [2024-01-16T14:46:45.241Z] CLI Version:   13.0.3
[debug] [2024-01-16T14:46:45.241Z] Platform:      darwin
[debug] [2024-01-16T14:46:45.241Z] Node Version:  v20.6.1
[debug] [2024-01-16T14:46:45.241Z] Time:          Tue Jan 16 2024 09:46:45 GMT-0500 (Eastern Standard Time)
[debug] [2024-01-16T14:46:45.241Z] ----------------------------------------------------------------------
[debug] 
[debug] [2024-01-16T14:46:45.245Z] > command requires scopes: ["email","openid","https://www.googleapis.com/auth/cloudplatformprojects.readonly","https://www.googleapis.com/auth/firebase","https://www.googleapis.com/auth/cloud-platform"]
[debug] [2024-01-16T14:46:45.246Z] > authorizing via signed-in user (qmsoqm2@gmail.com)
[info] 
     ######## #### ########  ######## ########     ###     ######  ########
     ##        ##  ##     ## ##       ##     ##  ##   ##  ##       ##
     ######    ##  ########  ######   ########  #########  ######  ######
     ##        ##  ##    ##  ##       ##     ## ##     ##       ## ##
     ##       #### ##     ## ######## ########  ##     ##  ######  ########

You're about to initialize a Firebase project in this directory:

  /Users/minkijung/Documents/2PetProjects/AI-notebook/ai-notebook

[info] 
=== Project Setup
[info] 
[info] First, let's associate this project directory with a Firebase project.
[info] You can create multiple project aliases by running firebase use --add, 
[info] but for now we'll just set up a default project.
[info] 
[debug] [2024-01-16T14:49:39.228Z] >>> [apiv2][query] GET https://firebase.googleapis.com/v1beta1/projects pageSize=100
[debug] [2024-01-16T14:49:39.833Z] <<< [apiv2][status] GET https://firebase.googleapis.com/v1beta1/projects 200
[debug] [2024-01-16T14:49:39.833Z] <<< [apiv2][body] GET https://firebase.googleapis.com/v1beta1/projects [omitted]
[info] i  Using project ai-notebook-208a3 (ai-notebook) 
[info] 
=== Hosting Setup
[debug] [2024-01-16T14:49:41.937Z] >>> [apiv2][query] GET https://firebase.googleapis.com/v1beta1/projects/ai-notebook-208a3 [none]
[debug] [2024-01-16T14:49:42.282Z] <<< [apiv2][status] GET https://firebase.googleapis.com/v1beta1/projects/ai-notebook-208a3 200
[debug] [2024-01-16T14:49:42.283Z] <<< [apiv2][body] GET https://firebase.googleapis.com/v1beta1/projects/ai-notebook-208a3 {"projectId":"ai-notebook-208a3","projectNumber":"978714997793","displayName":"ai-notebook","name":"projects/ai-notebook-208a3","resources":{"hostingSite":"ai-notebook-208a3"},"state":"ACTIVE","etag":"1_458fb958-6e36-4c8d-bf06-a47bf95ad4ca"}
[info] 
[info] i  Detected a .git folder at /Users/minkijung/Documents/2PetProjects/AI-notebook/ai-notebook 
[info] i  Authorizing with GitHub to upload your service account to a GitHub repository's secrets store. 
[info] 
[info] Visit this URL on this device to log in:
[info] https://github.com/login/oauth/authorize?client_id=89cf50f02ac6aaed3484&state=486992509&redirect_uri=http%3A%2F%2Flocalhost%3A9005&scope=read%3Auser%20repo%20public_repo
[info] 
[info] Waiting for authentication...
[debug] [2024-01-16T14:50:25.901Z] >>> [apiv2][query] POST https://github.com/login/oauth/access_token [none]
[debug] [2024-01-16T14:50:25.902Z] >>> [apiv2][body] POST https://github.com/login/oauth/access_token [stream]
[debug] [2024-01-16T14:50:26.194Z] <<< [apiv2][status] POST https://github.com/login/oauth/access_token 200
[debug] [2024-01-16T14:50:26.195Z] <<< [apiv2][body] POST https://github.com/login/oauth/access_token {"access_token":"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","token_type":"bearer","scope":"read:user,repo"}
[debug] [2024-01-16T14:50:26.205Z] >>> [apiv2][query] GET https://api.github.com/user [none]
[debug] [2024-01-16T14:50:26.503Z] <<< [apiv2][status] GET https://api.github.com/user 200
[debug] [2024-01-16T14:50:26.503Z] <<< [apiv2][body] GET https://api.github.com/user {"login":"jung0072","id":113061064,"node_id":"U_kgDOBr0syA","avatar_url":"https://avatars.githubusercontent.com/u/113061064?v=4","gravatar_id":"","url":"https://api.github.com/users/jung0072","html_url":"https://github.com/jung0072","followers_url":"https://api.github.com/users/jung0072/followers","following_url":"https://api.github.com/users/jung0072/following{/other_user}","gists_url":"https://api.github.com/users/jung0072/gists{/gist_id}","starred_url":"https://api.github.com/users/jung0072/starred{/owner}{/repo}","subscriptions_url":"https://api.github.com/users/jung0072/subscriptions","organizations_url":"https://api.github.com/users/jung0072/orgs","repos_url":"https://api.github.com/users/jung0072/repos","events_url":"https://api.github.com/users/jung0072/events{/privacy}","received_events_url":"https://api.github.com/users/jung0072/received_events","type":"User","site_admin":false,"name":"Minki Jung","company":null,"blog":"","location":"Ottawa","email":null,"hireable":null,"bio":"Software engineer with a B.Sc. in Physics and philosophy","twitter_username":null,"public_repos":30,"public_gists":0,"followers":2,"following":22,"created_at":"2022-09-07T19:48:02Z","updated_at":"2024-01-07T13:28:49Z","private_gists":0,"total_private_repos":25,"owned_private_repos":25,"disk_usage":327090,"collaborators":7,"two_factor_authentication":false,"plan":{"name":"pro","space":976562499,"collaborators":0,"private_repos":9999}}
[info] 
[info] ✔  Success! Logged into GitHub as jung0072 
[info] 
[debug] [2024-01-16T14:50:36.880Z] >>> [apiv2][query] GET https://api.github.com/repos//actions/secrets/public-key type=owner
[debug] [2024-01-16T14:50:37.073Z] <<< [apiv2][status] GET https://api.github.com/repos//actions/secrets/public-key 404
[debug] [2024-01-16T14:50:37.073Z] <<< [apiv2][body] GET https://api.github.com/repos//actions/secrets/public-key {"message":"Not Found","documentation_url":"https://docs.github.com/rest"}
[info] 
[info] 
[error] ⚠  The provided authorization cannot be used with this repository. If this repository is in an organization, did you remember to grant access? 
[info] 
[info] i  Action required: Visit this URL to ensure access has been granted to the appropriate organization(s) for the Firebase CLI GitHub OAuth App: 
[info] https://github.com/settings/connections/applications/89cf50f02ac6aaed3484
[info] 
